<?xml version="1.0" encoding="UTF-8"?>
<testsuite name="com.usuario.minhaaplicacao.MinhaAplicacaoApplicationTests" tests="1" skipped="0" failures="0" errors="0" timestamp="2025-09-21T00:36:33.060Z" hostname="pop-os" time="0.489">
  <properties/>
  <testcase name="contextLoads()" classname="com.usuario.minhaaplicacao.MinhaAplicacaoApplicationTests" time="0.489"/>
  <system-out><![CDATA[21:36:29.357 [Test worker] INFO org.springframework.test.context.support.AnnotationConfigContextLoaderUtils -- Could not detect default configuration classes for test class [com.usuario.minhaaplicacao.MinhaAplicacaoApplicationTests]: MinhaAplicacaoApplicationTests does not declare any static, non-private, non-final, nested classes annotated with @Configuration.
21:36:29.436 [Test worker] INFO org.springframework.boot.test.context.SpringBootTestContextBootstrapper -- Found @SpringBootConfiguration com.usuario.minhaaplicacao.MinhaAplicacaoApplication for test class com.usuario.minhaaplicacao.MinhaAplicacaoApplicationTests

  .   ____          _            __ _ _
 /\\ / ___'_ __ _ _(_)_ __  __ _ \ \ \ \
( ( )\___ | '_ | '_| | '_ \/ _` | \ \ \ \
 \\/  ___)| |_)| | | | | || (_| |  ) ) ) )
  '  |____| .__|_| |_|_| |_\__, | / / / /
 =========|_|==============|___/=/_/_/_/
 :: Spring Boot ::                (v3.2.0)

2025-09-20T21:36:29.749-03:00  INFO 1464 --- [    Test worker] c.u.m.MinhaAplicacaoApplicationTests     : Starting MinhaAplicacaoApplicationTests using Java 21.0.8 with PID 1464 (started by lenovo in /home/lenovo/Projetos/usuario-oauths)
2025-09-20T21:36:29.750-03:00  INFO 1464 --- [    Test worker] c.u.m.MinhaAplicacaoApplicationTests     : No active profile set, falling back to 1 default profile: "default"
2025-09-20T21:36:30.407-03:00  INFO 1464 --- [    Test worker] .s.d.r.c.RepositoryConfigurationDelegate : Bootstrapping Spring Data JPA repositories in DEFAULT mode.
2025-09-20T21:36:30.457-03:00  INFO 1464 --- [    Test worker] .s.d.r.c.RepositoryConfigurationDelegate : Finished Spring Data repository scanning in 43 ms. Found 3 JPA repository interfaces.
2025-09-20T21:36:30.870-03:00  INFO 1464 --- [    Test worker] o.hibernate.jpa.internal.util.LogHelper  : HHH000204: Processing PersistenceUnitInfo [name: default]
2025-09-20T21:36:30.906-03:00  INFO 1464 --- [    Test worker] org.hibernate.Version                    : HHH000412: Hibernate ORM core version 6.3.1.Final
2025-09-20T21:36:30.931-03:00  INFO 1464 --- [    Test worker] o.h.c.internal.RegionFactoryInitiator    : HHH000026: Second-level cache disabled
2025-09-20T21:36:31.106-03:00  INFO 1464 --- [    Test worker] o.s.o.j.p.SpringPersistenceUnitInfo      : No LoadTimeWeaver setup: ignoring JPA class transformer
2025-09-20T21:36:31.125-03:00  INFO 1464 --- [    Test worker] com.zaxxer.hikari.HikariDataSource       : HikariPool-1 - Starting...
2025-09-20T21:36:31.249-03:00  INFO 1464 --- [    Test worker] com.zaxxer.hikari.pool.HikariPool        : HikariPool-1 - Added connection conn0: url=jdbc:h2:mem:testdb user=SA
2025-09-20T21:36:31.250-03:00  INFO 1464 --- [    Test worker] com.zaxxer.hikari.HikariDataSource       : HikariPool-1 - Start completed.
2025-09-20T21:36:31.269-03:00  WARN 1464 --- [    Test worker] org.hibernate.orm.deprecation            : HHH90000025: H2Dialect does not need to be specified explicitly using 'hibernate.dialect' (remove the property setting and it will be selected by default)
2025-09-20T21:36:31.903-03:00  INFO 1464 --- [    Test worker] o.h.e.t.j.p.i.JtaPlatformInitiator       : HHH000489: No JTA platform available (set 'hibernate.transaction.jta.platform' to enable JTA platform integration)
Hibernate: create table client (id bigint generated by default as identity, bairro varchar(255), cep varchar(255), cidade varchar(255), complemento varchar(255), estado varchar(255), logradouro varchar(255), numero varchar(255), cpf varchar(255), email varchar(255), name varchar(255), password varchar(255), primary key (id))
Hibernate: create table refresh_token (id bigint generated by default as identity, expiry_date timestamp(6) with time zone, revoked boolean not null, token varchar(255) not null, user_id bigint, primary key (id))
Hibernate: create table users (id bigint generated by default as identity, email varchar(255), name varchar(255), password varchar(255), primary key (id))
Hibernate: alter table if exists client drop constraint if exists UK_plnstg0h55xcbwkkf8iehxo71
Hibernate: alter table if exists client add constraint UK_plnstg0h55xcbwkkf8iehxo71 unique (cpf)
Hibernate: alter table if exists client drop constraint if exists UK_bfgjs3fem0hmjhvih80158x29
Hibernate: alter table if exists client add constraint UK_bfgjs3fem0hmjhvih80158x29 unique (email)
Hibernate: alter table if exists refresh_token drop constraint if exists UK_r4k4edos30bx9neoq81mdvwph
Hibernate: alter table if exists refresh_token add constraint UK_r4k4edos30bx9neoq81mdvwph unique (token)
Hibernate: alter table if exists refresh_token drop constraint if exists UK_f95ixxe7pa48ryn1awmh2evt7
Hibernate: alter table if exists refresh_token add constraint UK_f95ixxe7pa48ryn1awmh2evt7 unique (user_id)
Hibernate: alter table if exists users drop constraint if exists UK_6dotkott2kjsp8vw4d0m25fb7
Hibernate: alter table if exists users add constraint UK_6dotkott2kjsp8vw4d0m25fb7 unique (email)
Hibernate: alter table if exists refresh_token add constraint FKjtx87i0jvq2svedphegvdwcuy foreign key (user_id) references users
2025-09-20T21:36:31.959-03:00  INFO 1464 --- [    Test worker] j.LocalContainerEntityManagerFactoryBean : Initialized JPA EntityManagerFactory for persistence unit 'default'
2025-09-20T21:36:32.489-03:00  WARN 1464 --- [    Test worker] JpaBaseConfiguration$JpaWebConfiguration : spring.jpa.open-in-view is enabled by default. Therefore, database queries may be performed during view rendering. Explicitly configure spring.jpa.open-in-view to disable this warning
2025-09-20T21:36:32.684-03:00  INFO 1464 --- [    Test worker] o.s.s.web.DefaultSecurityFilterChain     : Will secure any request with [org.springframework.security.web.session.DisableEncodeUrlFilter@2b551e7b, org.springframework.security.web.context.request.async.WebAsyncManagerIntegrationFilter@36e95b7b, org.springframework.security.web.context.SecurityContextHolderFilter@22bbbe6, org.springframework.security.web.header.HeaderWriterFilter@70e07ef8, org.springframework.web.filter.CorsFilter@1e5921ec, org.springframework.security.web.authentication.logout.LogoutFilter@5c94d4b8, com.usuario.minhaaplicacao.app.config.JwtAuthenticationFilter@3f7bf0f6, org.springframework.security.web.savedrequest.RequestCacheAwareFilter@240c626d, org.springframework.security.web.servletapi.SecurityContextHolderAwareRequestFilter@53a645a2, org.springframework.security.web.authentication.AnonymousAuthenticationFilter@309b6768, org.springframework.security.web.session.SessionManagementFilter@22db12f6, org.springframework.security.web.access.ExceptionTranslationFilter@4bb4cc8c, org.springframework.security.web.access.intercept.AuthorizationFilter@5069a91b]
2025-09-20T21:36:32.979-03:00  INFO 1464 --- [    Test worker] o.s.b.a.h2.H2ConsoleAutoConfiguration    : H2 console available at '/h2-console'. Database available at 'jdbc:h2:mem:testdb'
2025-09-20T21:36:33.046-03:00  INFO 1464 --- [    Test worker] c.u.m.MinhaAplicacaoApplicationTests     : Started MinhaAplicacaoApplicationTests in 3.496 seconds (process running for 4.337)
]]></system-out>
  <system-err><![CDATA[WARNING: A Java agent has been loaded dynamically (/home/lenovo/.gradle/caches/modules-2/files-2.1/net.bytebuddy/byte-buddy-agent/1.14.10/90ed94ac044ea8953b224304c762316e91fd6b31/byte-buddy-agent-1.14.10.jar)
WARNING: If a serviceability tool is in use, please run with -XX:+EnableDynamicAgentLoading to hide this warning
WARNING: If a serviceability tool is not in use, please run with -Djdk.instrument.traceUsage for more information
WARNING: Dynamic loading of agents will be disallowed by default in a future release
]]></system-err>
</testsuite>
